<?xml version="1.0" encoding="UTF-8"?>
<testng-results ignored="0" total="1" passed="1" failed="0" skipped="0">
  <reporter-output>
  </reporter-output>
  <suite started-at="2018-12-16T22:42:55Z" name="Default suite" finished-at="2018-12-16T22:43:17Z" duration-ms="21778">
    <groups>
    </groups>
    <test started-at="2018-12-16T22:42:55Z" name="Default test" finished-at="2018-12-16T22:43:17Z" duration-ms="21778">
      <class name="ui_tests.AconexTest">
        <test-method is-config="true" signature="setupDriver(java.lang.reflect.Method)[pri:0, instance:ui_tests.AconexTest@1190200a]" started-at="2018-12-16T22:42:55Z" name="setupDriver" finished-at="2018-12-16T22:43:08Z" duration-ms="12553" status="PASS">
          <params>
            <param index="0">
              <value>
                <![CDATA[public void ui_tests.AconexTest.scenario3() throws java.lang.Exception]]>
              </value>
            </param>
          </params>
          <reporter-output>
          </reporter-output>
        </test-method> <!-- setupDriver -->
        <test-method signature="scenario3()[pri:0, instance:ui_tests.AconexTest@1190200a]" started-at="2018-12-16T22:43:08Z" name="scenario3" finished-at="2018-12-16T22:43:16Z" duration-ms="8440" status="PASS">
          <reporter-output>
          </reporter-output>
        </test-method> <!-- scenario3 -->
        <test-method is-config="true" signature="quitBrowser(org.testng.ITestResult)[pri:0, instance:ui_tests.AconexTest@1190200a]" started-at="2018-12-16T22:43:16Z" name="quitBrowser" finished-at="2018-12-16T22:43:17Z" duration-ms="766" status="PASS">
          <params>
            <param index="0">
              <value>
                <![CDATA[[TestResult name=scenario3 status=SUCCESS method=AconexTest.scenario3()[pri:0, instance:ui_tests.AconexTest@1190200a] output={null}]]]>
              </value>
            </param>
          </params>
          <reporter-output>
          </reporter-output>
        </test-method> <!-- quitBrowser -->
      </class> <!-- ui_tests.AconexTest -->
    </test> <!-- Default test -->
  </suite> <!-- Default suite -->
</testng-results>
